2023-08-05 16:21:12,459.continuous_stock.INFO =============================================================
2023-08-05 16:21:12,460.continuous_stock.INFO Today is 2023-08-05 at 04:21 PM
2023-08-05 16:21:12,473.continuous_stock.INFO This file is running on: nt Windows 10
2023-08-05 16:21:12,474.continuous_stock.INFO The Python version is: 3.11.3
2023-08-05 16:21:12,474.continuous_stock.INFO The active environment path is:   C:\Users\wadej\OneDrive\Documents\cintel-05-live-updates\.venv
2023-08-05 16:21:12,474.continuous_stock.INFO The current working directory is: C:\Users\wadej\OneDrive\Documents\cintel-05-live-updates
2023-08-05 16:21:12,475.continuous_stock.INFO =============================================================
2023-08-05 16:21:12,475.continuous_stock.INFO Calling update_csv_stock
2023-08-05 16:21:12,475.continuous_stock.INFO update_interval: 60
2023-08-05 16:21:12,476.continuous_stock.INFO total_runtime: 900
2023-08-05 16:21:12,476.continuous_stock.INFO num_updates: 50
2023-08-05 16:21:12,481.continuous_stock.INFO Initialized csv file at c:\Users\wadej\OneDrive\Documents\cintel-05-live-updates\data\mtcars_stock.csv
2023-08-05 16:21:12,482.continuous_stock.INFO Calling get_stock_price for {ticker}
2023-08-05 16:21:12,483.continuous_stock.INFO Calling fetch_from_url for https://query1.finance.yahoo.com/v7/finance/options/TSLA
2023-08-05 16:21:12,483.continuous_stock.INFO Calling get_stock_price for {ticker}
2023-08-05 16:21:12,484.continuous_stock.INFO Calling fetch_from_url for https://query1.finance.yahoo.com/v7/finance/options/GM
2023-08-05 16:21:12,484.continuous_stock.INFO Calling get_stock_price for {ticker}
2023-08-05 16:21:12,484.continuous_stock.INFO Calling fetch_from_url for https://query1.finance.yahoo.com/v7/finance/options/TM
2023-08-05 16:21:12,484.continuous_stock.INFO Calling get_stock_price for {ticker}
2023-08-05 16:21:12,484.continuous_stock.INFO Calling fetch_from_url for https://query1.finance.yahoo.com/v7/finance/options/F
2023-08-05 16:21:12,485.continuous_stock.INFO Calling get_stock_price for {ticker}
2023-08-05 16:21:12,485.continuous_stock.INFO Calling fetch_from_url for https://query1.finance.yahoo.com/v7/finance/options/HMC
2023-08-05 16:21:12,492.continuous_stock.INFO Saving prices to c:\Users\wadej\OneDrive\Documents\cintel-05-live-updates\data\mtcars_stock.csv
2023-08-05 16:21:12,497.continuous_stock.INFO Calling get_stock_price for {ticker}
2023-08-05 16:21:12,497.continuous_stock.INFO Calling fetch_from_url for https://query1.finance.yahoo.com/v7/finance/options/TSLA
2023-08-05 16:21:12,498.continuous_stock.INFO Calling get_stock_price for {ticker}
2023-08-05 16:21:12,498.continuous_stock.INFO Calling fetch_from_url for https://query1.finance.yahoo.com/v7/finance/options/GM
2023-08-05 16:21:12,499.continuous_stock.INFO Calling get_stock_price for {ticker}
2023-08-05 16:21:12,499.continuous_stock.INFO Calling fetch_from_url for https://query1.finance.yahoo.com/v7/finance/options/TM
2023-08-05 16:21:12,500.continuous_stock.INFO Calling get_stock_price for {ticker}
2023-08-05 16:21:12,500.continuous_stock.INFO Calling fetch_from_url for https://query1.finance.yahoo.com/v7/finance/options/F
2023-08-05 16:21:12,500.continuous_stock.INFO Calling get_stock_price for {ticker}
2023-08-05 16:21:12,501.continuous_stock.INFO Calling fetch_from_url for https://query1.finance.yahoo.com/v7/finance/options/HMC
2023-08-05 16:21:12,503.continuous_stock.INFO Saving prices to c:\Users\wadej\OneDrive\Documents\cintel-05-live-updates\data\mtcars_stock.csv
2023-08-05 16:21:12,503.continuous_stock.INFO Calling get_stock_price for {ticker}
2023-08-05 16:21:12,503.continuous_stock.INFO Calling fetch_from_url for https://query1.finance.yahoo.com/v7/finance/options/TSLA
2023-08-05 16:21:12,504.continuous_stock.INFO Calling get_stock_price for {ticker}
2023-08-05 16:21:12,504.continuous_stock.INFO Calling fetch_from_url for https://query1.finance.yahoo.com/v7/finance/options/GM
2023-08-05 16:21:12,504.continuous_stock.INFO Calling get_stock_price for {ticker}
2023-08-05 16:21:12,504.continuous_stock.INFO Calling fetch_from_url for https://query1.finance.yahoo.com/v7/finance/options/TM
2023-08-05 16:21:12,505.continuous_stock.INFO Calling get_stock_price for {ticker}
2023-08-05 16:21:12,505.continuous_stock.INFO Calling fetch_from_url for https://query1.finance.yahoo.com/v7/finance/options/F
2023-08-05 16:21:12,505.continuous_stock.INFO Calling get_stock_price for {ticker}
2023-08-05 16:21:12,505.continuous_stock.INFO Calling fetch_from_url for https://query1.finance.yahoo.com/v7/finance/options/HMC
2023-08-05 16:21:12,508.continuous_stock.INFO Saving prices to c:\Users\wadej\OneDrive\Documents\cintel-05-live-updates\data\mtcars_stock.csv
2023-08-05 16:21:12,509.continuous_stock.INFO Calling get_stock_price for {ticker}
2023-08-05 16:21:12,510.continuous_stock.INFO Calling fetch_from_url for https://query1.finance.yahoo.com/v7/finance/options/TSLA
2023-08-05 16:21:12,510.continuous_stock.INFO Calling get_stock_price for {ticker}
2023-08-05 16:21:12,510.continuous_stock.INFO Calling fetch_from_url for https://query1.finance.yahoo.com/v7/finance/options/GM
2023-08-05 16:21:12,510.continuous_stock.INFO Calling get_stock_price for {ticker}
2023-08-05 16:21:12,511.continuous_stock.INFO Calling fetch_from_url for https://query1.finance.yahoo.com/v7/finance/options/TM
2023-08-05 16:21:12,511.continuous_stock.INFO Calling get_stock_price for {ticker}
2023-08-05 16:21:12,511.continuous_stock.INFO Calling fetch_from_url for https://query1.finance.yahoo.com/v7/finance/options/F
2023-08-05 16:21:12,511.continuous_stock.INFO Calling get_stock_price for {ticker}
2023-08-05 16:21:12,512.continuous_stock.INFO Calling fetch_from_url for https://query1.finance.yahoo.com/v7/finance/options/HMC
2023-08-05 16:21:12,513.continuous_stock.INFO Saving prices to c:\Users\wadej\OneDrive\Documents\cintel-05-live-updates\data\mtcars_stock.csv
2023-08-05 16:21:12,514.continuous_stock.INFO Calling get_stock_price for {ticker}
2023-08-05 16:21:12,514.continuous_stock.INFO Calling fetch_from_url for https://query1.finance.yahoo.com/v7/finance/options/TSLA
2023-08-05 16:21:12,514.continuous_stock.INFO Calling get_stock_price for {ticker}
2023-08-05 16:21:12,514.continuous_stock.INFO Calling fetch_from_url for https://query1.finance.yahoo.com/v7/finance/options/GM
2023-08-05 16:21:12,514.continuous_stock.INFO Calling get_stock_price for {ticker}
2023-08-05 16:21:12,514.continuous_stock.INFO Calling fetch_from_url for https://query1.finance.yahoo.com/v7/finance/options/TM
2023-08-05 16:21:12,515.continuous_stock.INFO Calling get_stock_price for {ticker}
2023-08-05 16:21:12,515.continuous_stock.INFO Calling fetch_from_url for https://query1.finance.yahoo.com/v7/finance/options/F
2023-08-05 16:21:12,515.continuous_stock.INFO Calling get_stock_price for {ticker}
2023-08-05 16:21:12,515.continuous_stock.INFO Calling fetch_from_url for https://query1.finance.yahoo.com/v7/finance/options/HMC
2023-08-05 16:21:12,517.continuous_stock.INFO Saving prices to c:\Users\wadej\OneDrive\Documents\cintel-05-live-updates\data\mtcars_stock.csv
2023-08-05 16:21:12,517.continuous_stock.INFO Calling get_stock_price for {ticker}
2023-08-05 16:21:12,517.continuous_stock.INFO Calling fetch_from_url for https://query1.finance.yahoo.com/v7/finance/options/TSLA
2023-08-05 16:21:12,517.continuous_stock.INFO Calling get_stock_price for {ticker}
2023-08-05 16:21:12,517.continuous_stock.INFO Calling fetch_from_url for https://query1.finance.yahoo.com/v7/finance/options/GM
2023-08-05 16:21:12,518.continuous_stock.INFO Calling get_stock_price for {ticker}
2023-08-05 16:21:12,518.continuous_stock.INFO Calling fetch_from_url for https://query1.finance.yahoo.com/v7/finance/options/TM
2023-08-05 16:21:12,518.continuous_stock.INFO Calling get_stock_price for {ticker}
2023-08-05 16:21:12,518.continuous_stock.INFO Calling fetch_from_url for https://query1.finance.yahoo.com/v7/finance/options/F
2023-08-05 16:21:12,518.continuous_stock.INFO Calling get_stock_price for {ticker}
2023-08-05 16:21:12,519.continuous_stock.INFO Calling fetch_from_url for https://query1.finance.yahoo.com/v7/finance/options/HMC
2023-08-05 16:21:12,521.continuous_stock.INFO Saving prices to c:\Users\wadej\OneDrive\Documents\cintel-05-live-updates\data\mtcars_stock.csv
2023-08-05 16:21:12,521.continuous_stock.INFO Calling get_stock_price for {ticker}
2023-08-05 16:21:12,521.continuous_stock.INFO Calling fetch_from_url for https://query1.finance.yahoo.com/v7/finance/options/TSLA
2023-08-05 16:21:12,521.continuous_stock.INFO Calling get_stock_price for {ticker}
2023-08-05 16:21:12,522.continuous_stock.INFO Calling fetch_from_url for https://query1.finance.yahoo.com/v7/finance/options/GM
2023-08-05 16:21:12,522.continuous_stock.INFO Calling get_stock_price for {ticker}
2023-08-05 16:21:12,522.continuous_stock.INFO Calling fetch_from_url for https://query1.finance.yahoo.com/v7/finance/options/TM
2023-08-05 16:21:12,522.continuous_stock.INFO Calling get_stock_price for {ticker}
2023-08-05 16:21:12,522.continuous_stock.INFO Calling fetch_from_url for https://query1.finance.yahoo.com/v7/finance/options/F
2023-08-05 16:21:12,523.continuous_stock.INFO Calling get_stock_price for {ticker}
2023-08-05 16:21:12,523.continuous_stock.INFO Calling fetch_from_url for https://query1.finance.yahoo.com/v7/finance/options/HMC
2023-08-05 16:21:12,527.continuous_stock.INFO Saving prices to c:\Users\wadej\OneDrive\Documents\cintel-05-live-updates\data\mtcars_stock.csv
2023-08-05 16:21:12,527.continuous_stock.INFO Calling get_stock_price for {ticker}
2023-08-05 16:21:12,528.continuous_stock.INFO Calling fetch_from_url for https://query1.finance.yahoo.com/v7/finance/options/TSLA
2023-08-05 16:21:12,528.continuous_stock.INFO Calling get_stock_price for {ticker}
2023-08-05 16:21:12,528.continuous_stock.INFO Calling fetch_from_url for https://query1.finance.yahoo.com/v7/finance/options/GM
2023-08-05 16:21:12,528.continuous_stock.INFO Calling get_stock_price for {ticker}
2023-08-05 16:21:12,529.continuous_stock.INFO Calling fetch_from_url for https://query1.finance.yahoo.com/v7/finance/options/TM
2023-08-05 16:21:12,529.continuous_stock.INFO Calling get_stock_price for {ticker}
2023-08-05 16:21:12,529.continuous_stock.INFO Calling fetch_from_url for https://query1.finance.yahoo.com/v7/finance/options/F
2023-08-05 16:21:12,529.continuous_stock.INFO Calling get_stock_price for {ticker}
2023-08-05 16:21:12,529.continuous_stock.INFO Calling fetch_from_url for https://query1.finance.yahoo.com/v7/finance/options/HMC
2023-08-05 16:21:12,530.continuous_stock.INFO Saving prices to c:\Users\wadej\OneDrive\Documents\cintel-05-live-updates\data\mtcars_stock.csv
2023-08-05 16:21:12,531.continuous_stock.INFO Calling get_stock_price for {ticker}
2023-08-05 16:21:12,531.continuous_stock.INFO Calling fetch_from_url for https://query1.finance.yahoo.com/v7/finance/options/TSLA
2023-08-05 16:21:12,531.continuous_stock.INFO Calling get_stock_price for {ticker}
2023-08-05 16:21:12,531.continuous_stock.INFO Calling fetch_from_url for https://query1.finance.yahoo.com/v7/finance/options/GM
2023-08-05 16:21:12,531.continuous_stock.INFO Calling get_stock_price for {ticker}
2023-08-05 16:21:12,531.continuous_stock.INFO Calling fetch_from_url for https://query1.finance.yahoo.com/v7/finance/options/TM
2023-08-05 16:21:12,532.continuous_stock.INFO Calling get_stock_price for {ticker}
2023-08-05 16:21:12,532.continuous_stock.INFO Calling fetch_from_url for https://query1.finance.yahoo.com/v7/finance/options/F
2023-08-05 16:21:12,532.continuous_stock.INFO Calling get_stock_price for {ticker}
2023-08-05 16:21:12,532.continuous_stock.INFO Calling fetch_from_url for https://query1.finance.yahoo.com/v7/finance/options/HMC
2023-08-05 16:21:12,534.continuous_stock.INFO Saving prices to c:\Users\wadej\OneDrive\Documents\cintel-05-live-updates\data\mtcars_stock.csv
2023-08-05 16:21:12,534.continuous_stock.INFO Calling get_stock_price for {ticker}
2023-08-05 16:21:12,534.continuous_stock.INFO Calling fetch_from_url for https://query1.finance.yahoo.com/v7/finance/options/TSLA
2023-08-05 16:21:12,534.continuous_stock.INFO Calling get_stock_price for {ticker}
2023-08-05 16:21:12,535.continuous_stock.INFO Calling fetch_from_url for https://query1.finance.yahoo.com/v7/finance/options/GM
2023-08-05 16:21:12,535.continuous_stock.INFO Calling get_stock_price for {ticker}
2023-08-05 16:21:12,535.continuous_stock.INFO Calling fetch_from_url for https://query1.finance.yahoo.com/v7/finance/options/TM
2023-08-05 16:21:12,535.continuous_stock.INFO Calling get_stock_price for {ticker}
2023-08-05 16:21:12,535.continuous_stock.INFO Calling fetch_from_url for https://query1.finance.yahoo.com/v7/finance/options/F
2023-08-05 16:21:12,535.continuous_stock.INFO Calling get_stock_price for {ticker}
2023-08-05 16:21:12,535.continuous_stock.INFO Calling fetch_from_url for https://query1.finance.yahoo.com/v7/finance/options/HMC
2023-08-05 16:21:12,538.continuous_stock.INFO Saving prices to c:\Users\wadej\OneDrive\Documents\cintel-05-live-updates\data\mtcars_stock.csv
2023-08-05 16:21:12,538.continuous_stock.INFO Calling get_stock_price for {ticker}
2023-08-05 16:21:12,538.continuous_stock.INFO Calling fetch_from_url for https://query1.finance.yahoo.com/v7/finance/options/TSLA
2023-08-05 16:21:12,538.continuous_stock.INFO Calling get_stock_price for {ticker}
2023-08-05 16:21:12,538.continuous_stock.INFO Calling fetch_from_url for https://query1.finance.yahoo.com/v7/finance/options/GM
2023-08-05 16:21:12,539.continuous_stock.INFO Calling get_stock_price for {ticker}
2023-08-05 16:21:12,539.continuous_stock.INFO Calling fetch_from_url for https://query1.finance.yahoo.com/v7/finance/options/TM
2023-08-05 16:21:12,539.continuous_stock.INFO Calling get_stock_price for {ticker}
2023-08-05 16:21:12,539.continuous_stock.INFO Calling fetch_from_url for https://query1.finance.yahoo.com/v7/finance/options/F
2023-08-05 16:21:12,540.continuous_stock.INFO Calling get_stock_price for {ticker}
2023-08-05 16:21:12,540.continuous_stock.INFO Calling fetch_from_url for https://query1.finance.yahoo.com/v7/finance/options/HMC
2023-08-05 16:21:12,543.continuous_stock.INFO Saving prices to c:\Users\wadej\OneDrive\Documents\cintel-05-live-updates\data\mtcars_stock.csv
2023-08-05 16:21:12,543.continuous_stock.INFO Calling get_stock_price for {ticker}
2023-08-05 16:21:12,544.continuous_stock.INFO Calling fetch_from_url for https://query1.finance.yahoo.com/v7/finance/options/TSLA
2023-08-05 16:21:12,544.continuous_stock.INFO Calling get_stock_price for {ticker}
2023-08-05 16:21:12,544.continuous_stock.INFO Calling fetch_from_url for https://query1.finance.yahoo.com/v7/finance/options/GM
2023-08-05 16:21:12,544.continuous_stock.INFO Calling get_stock_price for {ticker}
2023-08-05 16:21:12,544.continuous_stock.INFO Calling fetch_from_url for https://query1.finance.yahoo.com/v7/finance/options/TM
2023-08-05 16:21:12,546.continuous_stock.INFO Calling get_stock_price for {ticker}
2023-08-05 16:21:12,546.continuous_stock.INFO Calling fetch_from_url for https://query1.finance.yahoo.com/v7/finance/options/F
2023-08-05 16:21:12,546.continuous_stock.INFO Calling get_stock_price for {ticker}
2023-08-05 16:21:12,546.continuous_stock.INFO Calling fetch_from_url for https://query1.finance.yahoo.com/v7/finance/options/HMC
2023-08-05 16:21:12,548.continuous_stock.INFO Saving prices to c:\Users\wadej\OneDrive\Documents\cintel-05-live-updates\data\mtcars_stock.csv
2023-08-05 16:21:12,548.continuous_stock.INFO Calling get_stock_price for {ticker}
2023-08-05 16:21:12,548.continuous_stock.INFO Calling fetch_from_url for https://query1.finance.yahoo.com/v7/finance/options/TSLA
2023-08-05 16:21:12,548.continuous_stock.INFO Calling get_stock_price for {ticker}
2023-08-05 16:21:12,548.continuous_stock.INFO Calling fetch_from_url for https://query1.finance.yahoo.com/v7/finance/options/GM
2023-08-05 16:21:12,549.continuous_stock.INFO Calling get_stock_price for {ticker}
2023-08-05 16:21:12,549.continuous_stock.INFO Calling fetch_from_url for https://query1.finance.yahoo.com/v7/finance/options/TM
2023-08-05 16:21:12,549.continuous_stock.INFO Calling get_stock_price for {ticker}
2023-08-05 16:21:12,549.continuous_stock.INFO Calling fetch_from_url for https://query1.finance.yahoo.com/v7/finance/options/F
2023-08-05 16:21:12,549.continuous_stock.INFO Calling get_stock_price for {ticker}
2023-08-05 16:21:12,549.continuous_stock.INFO Calling fetch_from_url for https://query1.finance.yahoo.com/v7/finance/options/HMC
2023-08-05 16:21:12,551.continuous_stock.INFO Saving prices to c:\Users\wadej\OneDrive\Documents\cintel-05-live-updates\data\mtcars_stock.csv
2023-08-05 16:21:12,551.continuous_stock.INFO Calling get_stock_price for {ticker}
2023-08-05 16:21:12,551.continuous_stock.INFO Calling fetch_from_url for https://query1.finance.yahoo.com/v7/finance/options/TSLA
2023-08-05 16:21:12,552.continuous_stock.INFO Calling get_stock_price for {ticker}
2023-08-05 16:21:12,552.continuous_stock.INFO Calling fetch_from_url for https://query1.finance.yahoo.com/v7/finance/options/GM
2023-08-05 16:21:12,552.continuous_stock.INFO Calling get_stock_price for {ticker}
2023-08-05 16:21:12,552.continuous_stock.INFO Calling fetch_from_url for https://query1.finance.yahoo.com/v7/finance/options/TM
2023-08-05 16:21:12,552.continuous_stock.INFO Calling get_stock_price for {ticker}
2023-08-05 16:21:12,552.continuous_stock.INFO Calling fetch_from_url for https://query1.finance.yahoo.com/v7/finance/options/F
2023-08-05 16:21:12,552.continuous_stock.INFO Calling get_stock_price for {ticker}
2023-08-05 16:21:12,552.continuous_stock.INFO Calling fetch_from_url for https://query1.finance.yahoo.com/v7/finance/options/HMC
2023-08-05 16:21:12,554.continuous_stock.INFO Saving prices to c:\Users\wadej\OneDrive\Documents\cintel-05-live-updates\data\mtcars_stock.csv
2023-08-05 16:21:12,554.continuous_stock.INFO Calling get_stock_price for {ticker}
2023-08-05 16:21:12,555.continuous_stock.INFO Calling fetch_from_url for https://query1.finance.yahoo.com/v7/finance/options/TSLA
2023-08-05 16:21:12,555.continuous_stock.INFO Calling get_stock_price for {ticker}
2023-08-05 16:21:12,555.continuous_stock.INFO Calling fetch_from_url for https://query1.finance.yahoo.com/v7/finance/options/GM
2023-08-05 16:21:12,555.continuous_stock.INFO Calling get_stock_price for {ticker}
2023-08-05 16:21:12,555.continuous_stock.INFO Calling fetch_from_url for https://query1.finance.yahoo.com/v7/finance/options/TM
2023-08-05 16:21:12,556.continuous_stock.INFO Calling get_stock_price for {ticker}
2023-08-05 16:21:12,556.continuous_stock.INFO Calling fetch_from_url for https://query1.finance.yahoo.com/v7/finance/options/F
2023-08-05 16:21:12,556.continuous_stock.INFO Calling get_stock_price for {ticker}
2023-08-05 16:21:12,556.continuous_stock.INFO Calling fetch_from_url for https://query1.finance.yahoo.com/v7/finance/options/HMC
2023-08-05 16:21:12,559.continuous_stock.INFO Saving prices to c:\Users\wadej\OneDrive\Documents\cintel-05-live-updates\data\mtcars_stock.csv
2023-08-05 16:21:12,560.continuous_stock.INFO Calling get_stock_price for {ticker}
2023-08-05 16:21:12,560.continuous_stock.INFO Calling fetch_from_url for https://query1.finance.yahoo.com/v7/finance/options/TSLA
2023-08-05 16:21:12,560.continuous_stock.INFO Calling get_stock_price for {ticker}
2023-08-05 16:21:12,561.continuous_stock.INFO Calling fetch_from_url for https://query1.finance.yahoo.com/v7/finance/options/GM
2023-08-05 16:21:12,561.continuous_stock.INFO Calling get_stock_price for {ticker}
2023-08-05 16:21:12,561.continuous_stock.INFO Calling fetch_from_url for https://query1.finance.yahoo.com/v7/finance/options/TM
2023-08-05 16:21:12,561.continuous_stock.INFO Calling get_stock_price for {ticker}
2023-08-05 16:21:12,561.continuous_stock.INFO Calling fetch_from_url for https://query1.finance.yahoo.com/v7/finance/options/F
2023-08-05 16:21:12,561.continuous_stock.INFO Calling get_stock_price for {ticker}
2023-08-05 16:21:12,561.continuous_stock.INFO Calling fetch_from_url for https://query1.finance.yahoo.com/v7/finance/options/HMC
2023-08-05 16:21:12,563.continuous_stock.INFO Saving prices to c:\Users\wadej\OneDrive\Documents\cintel-05-live-updates\data\mtcars_stock.csv
2023-08-05 16:21:12,563.continuous_stock.INFO Calling get_stock_price for {ticker}
2023-08-05 16:21:12,563.continuous_stock.INFO Calling fetch_from_url for https://query1.finance.yahoo.com/v7/finance/options/TSLA
2023-08-05 16:21:12,564.continuous_stock.INFO Calling get_stock_price for {ticker}
2023-08-05 16:21:12,564.continuous_stock.INFO Calling fetch_from_url for https://query1.finance.yahoo.com/v7/finance/options/GM
2023-08-05 16:21:12,564.continuous_stock.INFO Calling get_stock_price for {ticker}
2023-08-05 16:21:12,564.continuous_stock.INFO Calling fetch_from_url for https://query1.finance.yahoo.com/v7/finance/options/TM
2023-08-05 16:21:12,564.continuous_stock.INFO Calling get_stock_price for {ticker}
2023-08-05 16:21:12,564.continuous_stock.INFO Calling fetch_from_url for https://query1.finance.yahoo.com/v7/finance/options/F
2023-08-05 16:21:12,565.continuous_stock.INFO Calling get_stock_price for {ticker}
2023-08-05 16:21:12,565.continuous_stock.INFO Calling fetch_from_url for https://query1.finance.yahoo.com/v7/finance/options/HMC
2023-08-05 16:21:12,566.continuous_stock.INFO Saving prices to c:\Users\wadej\OneDrive\Documents\cintel-05-live-updates\data\mtcars_stock.csv
2023-08-05 16:21:12,567.continuous_stock.INFO Calling get_stock_price for {ticker}
2023-08-05 16:21:12,567.continuous_stock.INFO Calling fetch_from_url for https://query1.finance.yahoo.com/v7/finance/options/TSLA
2023-08-05 16:21:12,567.continuous_stock.INFO Calling get_stock_price for {ticker}
2023-08-05 16:21:12,567.continuous_stock.INFO Calling fetch_from_url for https://query1.finance.yahoo.com/v7/finance/options/GM
2023-08-05 16:21:12,567.continuous_stock.INFO Calling get_stock_price for {ticker}
2023-08-05 16:21:12,567.continuous_stock.INFO Calling fetch_from_url for https://query1.finance.yahoo.com/v7/finance/options/TM
2023-08-05 16:21:12,568.continuous_stock.INFO Calling get_stock_price for {ticker}
2023-08-05 16:21:12,568.continuous_stock.INFO Calling fetch_from_url for https://query1.finance.yahoo.com/v7/finance/options/F
2023-08-05 16:21:12,568.continuous_stock.INFO Calling get_stock_price for {ticker}
2023-08-05 16:21:12,568.continuous_stock.INFO Calling fetch_from_url for https://query1.finance.yahoo.com/v7/finance/options/HMC
2023-08-05 16:21:12,570.continuous_stock.INFO Saving prices to c:\Users\wadej\OneDrive\Documents\cintel-05-live-updates\data\mtcars_stock.csv
2023-08-05 16:21:12,570.continuous_stock.INFO Calling get_stock_price for {ticker}
2023-08-05 16:21:12,570.continuous_stock.INFO Calling fetch_from_url for https://query1.finance.yahoo.com/v7/finance/options/TSLA
2023-08-05 16:21:12,570.continuous_stock.INFO Calling get_stock_price for {ticker}
2023-08-05 16:21:12,571.continuous_stock.INFO Calling fetch_from_url for https://query1.finance.yahoo.com/v7/finance/options/GM
2023-08-05 16:21:12,571.continuous_stock.INFO Calling get_stock_price for {ticker}
2023-08-05 16:21:12,571.continuous_stock.INFO Calling fetch_from_url for https://query1.finance.yahoo.com/v7/finance/options/TM
2023-08-05 16:21:12,571.continuous_stock.INFO Calling get_stock_price for {ticker}
2023-08-05 16:21:12,571.continuous_stock.INFO Calling fetch_from_url for https://query1.finance.yahoo.com/v7/finance/options/F
2023-08-05 16:21:12,571.continuous_stock.INFO Calling get_stock_price for {ticker}
2023-08-05 16:21:12,572.continuous_stock.INFO Calling fetch_from_url for https://query1.finance.yahoo.com/v7/finance/options/HMC
2023-08-05 16:21:12,575.continuous_stock.INFO Saving prices to c:\Users\wadej\OneDrive\Documents\cintel-05-live-updates\data\mtcars_stock.csv
2023-08-05 16:21:12,576.continuous_stock.INFO Calling get_stock_price for {ticker}
2023-08-05 16:21:12,576.continuous_stock.INFO Calling fetch_from_url for https://query1.finance.yahoo.com/v7/finance/options/TSLA
2023-08-05 16:21:12,576.continuous_stock.INFO Calling get_stock_price for {ticker}
2023-08-05 16:21:12,577.continuous_stock.INFO Calling fetch_from_url for https://query1.finance.yahoo.com/v7/finance/options/GM
2023-08-05 16:21:12,578.continuous_stock.INFO Calling get_stock_price for {ticker}
2023-08-05 16:21:12,578.continuous_stock.INFO Calling fetch_from_url for https://query1.finance.yahoo.com/v7/finance/options/TM
2023-08-05 16:21:12,578.continuous_stock.INFO Calling get_stock_price for {ticker}
2023-08-05 16:21:12,579.continuous_stock.INFO Calling fetch_from_url for https://query1.finance.yahoo.com/v7/finance/options/F
2023-08-05 16:21:12,579.continuous_stock.INFO Calling get_stock_price for {ticker}
2023-08-05 16:21:12,579.continuous_stock.INFO Calling fetch_from_url for https://query1.finance.yahoo.com/v7/finance/options/HMC
2023-08-05 16:21:12,581.continuous_stock.INFO Saving prices to c:\Users\wadej\OneDrive\Documents\cintel-05-live-updates\data\mtcars_stock.csv
2023-08-05 16:21:12,581.continuous_stock.INFO Calling get_stock_price for {ticker}
2023-08-05 16:21:12,581.continuous_stock.INFO Calling fetch_from_url for https://query1.finance.yahoo.com/v7/finance/options/TSLA
2023-08-05 16:21:12,582.continuous_stock.INFO Calling get_stock_price for {ticker}
2023-08-05 16:21:12,582.continuous_stock.INFO Calling fetch_from_url for https://query1.finance.yahoo.com/v7/finance/options/GM
2023-08-05 16:21:12,582.continuous_stock.INFO Calling get_stock_price for {ticker}
2023-08-05 16:21:12,582.continuous_stock.INFO Calling fetch_from_url for https://query1.finance.yahoo.com/v7/finance/options/TM
2023-08-05 16:21:12,582.continuous_stock.INFO Calling get_stock_price for {ticker}
2023-08-05 16:21:12,583.continuous_stock.INFO Calling fetch_from_url for https://query1.finance.yahoo.com/v7/finance/options/F
2023-08-05 16:21:12,583.continuous_stock.INFO Calling get_stock_price for {ticker}
2023-08-05 16:21:12,583.continuous_stock.INFO Calling fetch_from_url for https://query1.finance.yahoo.com/v7/finance/options/HMC
2023-08-05 16:21:12,585.continuous_stock.INFO Saving prices to c:\Users\wadej\OneDrive\Documents\cintel-05-live-updates\data\mtcars_stock.csv
2023-08-05 16:21:12,585.continuous_stock.INFO Calling get_stock_price for {ticker}
2023-08-05 16:21:12,586.continuous_stock.INFO Calling fetch_from_url for https://query1.finance.yahoo.com/v7/finance/options/TSLA
2023-08-05 16:21:12,586.continuous_stock.INFO Calling get_stock_price for {ticker}
2023-08-05 16:21:12,586.continuous_stock.INFO Calling fetch_from_url for https://query1.finance.yahoo.com/v7/finance/options/GM
2023-08-05 16:21:12,586.continuous_stock.INFO Calling get_stock_price for {ticker}
2023-08-05 16:21:12,586.continuous_stock.INFO Calling fetch_from_url for https://query1.finance.yahoo.com/v7/finance/options/TM
2023-08-05 16:21:12,586.continuous_stock.INFO Calling get_stock_price for {ticker}
2023-08-05 16:21:12,586.continuous_stock.INFO Calling fetch_from_url for https://query1.finance.yahoo.com/v7/finance/options/F
2023-08-05 16:21:12,587.continuous_stock.INFO Calling get_stock_price for {ticker}
2023-08-05 16:21:12,587.continuous_stock.INFO Calling fetch_from_url for https://query1.finance.yahoo.com/v7/finance/options/HMC
2023-08-05 16:21:12,589.continuous_stock.INFO Saving prices to c:\Users\wadej\OneDrive\Documents\cintel-05-live-updates\data\mtcars_stock.csv
2023-08-05 16:21:12,589.continuous_stock.INFO Calling get_stock_price for {ticker}
2023-08-05 16:21:12,589.continuous_stock.INFO Calling fetch_from_url for https://query1.finance.yahoo.com/v7/finance/options/TSLA
2023-08-05 16:21:12,589.continuous_stock.INFO Calling get_stock_price for {ticker}
2023-08-05 16:21:12,589.continuous_stock.INFO Calling fetch_from_url for https://query1.finance.yahoo.com/v7/finance/options/GM
2023-08-05 16:21:12,590.continuous_stock.INFO Calling get_stock_price for {ticker}
2023-08-05 16:21:12,590.continuous_stock.INFO Calling fetch_from_url for https://query1.finance.yahoo.com/v7/finance/options/TM
2023-08-05 16:21:12,590.continuous_stock.INFO Calling get_stock_price for {ticker}
2023-08-05 16:21:12,590.continuous_stock.INFO Calling fetch_from_url for https://query1.finance.yahoo.com/v7/finance/options/F
2023-08-05 16:21:12,591.continuous_stock.INFO Calling get_stock_price for {ticker}
2023-08-05 16:21:12,591.continuous_stock.INFO Calling fetch_from_url for https://query1.finance.yahoo.com/v7/finance/options/HMC
2023-08-05 16:21:12,594.continuous_stock.INFO Saving prices to c:\Users\wadej\OneDrive\Documents\cintel-05-live-updates\data\mtcars_stock.csv
2023-08-05 16:21:12,595.continuous_stock.INFO Calling get_stock_price for {ticker}
2023-08-05 16:21:12,595.continuous_stock.INFO Calling fetch_from_url for https://query1.finance.yahoo.com/v7/finance/options/TSLA
2023-08-05 16:21:12,595.continuous_stock.INFO Calling get_stock_price for {ticker}
2023-08-05 16:21:12,595.continuous_stock.INFO Calling fetch_from_url for https://query1.finance.yahoo.com/v7/finance/options/GM
2023-08-05 16:21:12,595.continuous_stock.INFO Calling get_stock_price for {ticker}
2023-08-05 16:21:12,595.continuous_stock.INFO Calling fetch_from_url for https://query1.finance.yahoo.com/v7/finance/options/TM
2023-08-05 16:21:12,596.continuous_stock.INFO Calling get_stock_price for {ticker}
2023-08-05 16:21:12,596.continuous_stock.INFO Calling fetch_from_url for https://query1.finance.yahoo.com/v7/finance/options/F
2023-08-05 16:21:12,596.continuous_stock.INFO Calling get_stock_price for {ticker}
2023-08-05 16:21:12,596.continuous_stock.INFO Calling fetch_from_url for https://query1.finance.yahoo.com/v7/finance/options/HMC
2023-08-05 16:21:12,598.continuous_stock.INFO Saving prices to c:\Users\wadej\OneDrive\Documents\cintel-05-live-updates\data\mtcars_stock.csv
2023-08-05 16:21:12,598.continuous_stock.INFO Calling get_stock_price for {ticker}
2023-08-05 16:21:12,598.continuous_stock.INFO Calling fetch_from_url for https://query1.finance.yahoo.com/v7/finance/options/TSLA
2023-08-05 16:21:12,599.continuous_stock.INFO Calling get_stock_price for {ticker}
2023-08-05 16:21:12,599.continuous_stock.INFO Calling fetch_from_url for https://query1.finance.yahoo.com/v7/finance/options/GM
2023-08-05 16:21:12,599.continuous_stock.INFO Calling get_stock_price for {ticker}
2023-08-05 16:21:12,599.continuous_stock.INFO Calling fetch_from_url for https://query1.finance.yahoo.com/v7/finance/options/TM
2023-08-05 16:21:12,599.continuous_stock.INFO Calling get_stock_price for {ticker}
2023-08-05 16:21:12,600.continuous_stock.INFO Calling fetch_from_url for https://query1.finance.yahoo.com/v7/finance/options/F
2023-08-05 16:21:12,600.continuous_stock.INFO Calling get_stock_price for {ticker}
2023-08-05 16:21:12,600.continuous_stock.INFO Calling fetch_from_url for https://query1.finance.yahoo.com/v7/finance/options/HMC
2023-08-05 16:21:12,602.continuous_stock.INFO Saving prices to c:\Users\wadej\OneDrive\Documents\cintel-05-live-updates\data\mtcars_stock.csv
2023-08-05 16:21:12,602.continuous_stock.INFO Calling get_stock_price for {ticker}
2023-08-05 16:21:12,602.continuous_stock.INFO Calling fetch_from_url for https://query1.finance.yahoo.com/v7/finance/options/TSLA
2023-08-05 16:21:12,603.continuous_stock.INFO Calling get_stock_price for {ticker}
2023-08-05 16:21:12,603.continuous_stock.INFO Calling fetch_from_url for https://query1.finance.yahoo.com/v7/finance/options/GM
2023-08-05 16:21:12,603.continuous_stock.INFO Calling get_stock_price for {ticker}
2023-08-05 16:21:12,603.continuous_stock.INFO Calling fetch_from_url for https://query1.finance.yahoo.com/v7/finance/options/TM
2023-08-05 16:21:12,603.continuous_stock.INFO Calling get_stock_price for {ticker}
2023-08-05 16:21:12,603.continuous_stock.INFO Calling fetch_from_url for https://query1.finance.yahoo.com/v7/finance/options/F
2023-08-05 16:21:12,603.continuous_stock.INFO Calling get_stock_price for {ticker}
2023-08-05 16:21:12,604.continuous_stock.INFO Calling fetch_from_url for https://query1.finance.yahoo.com/v7/finance/options/HMC
2023-08-05 16:21:12,605.continuous_stock.INFO Saving prices to c:\Users\wadej\OneDrive\Documents\cintel-05-live-updates\data\mtcars_stock.csv
2023-08-05 16:21:12,606.continuous_stock.INFO Calling get_stock_price for {ticker}
2023-08-05 16:21:12,606.continuous_stock.INFO Calling fetch_from_url for https://query1.finance.yahoo.com/v7/finance/options/TSLA
2023-08-05 16:21:12,606.continuous_stock.INFO Calling get_stock_price for {ticker}
2023-08-05 16:21:12,606.continuous_stock.INFO Calling fetch_from_url for https://query1.finance.yahoo.com/v7/finance/options/GM
2023-08-05 16:21:12,607.continuous_stock.INFO Calling get_stock_price for {ticker}
2023-08-05 16:21:12,607.continuous_stock.INFO Calling fetch_from_url for https://query1.finance.yahoo.com/v7/finance/options/TM
2023-08-05 16:21:12,607.continuous_stock.INFO Calling get_stock_price for {ticker}
2023-08-05 16:21:12,607.continuous_stock.INFO Calling fetch_from_url for https://query1.finance.yahoo.com/v7/finance/options/F
2023-08-05 16:21:12,607.continuous_stock.INFO Calling get_stock_price for {ticker}
2023-08-05 16:21:12,608.continuous_stock.INFO Calling fetch_from_url for https://query1.finance.yahoo.com/v7/finance/options/HMC
2023-08-05 16:21:12,610.continuous_stock.INFO Saving prices to c:\Users\wadej\OneDrive\Documents\cintel-05-live-updates\data\mtcars_stock.csv
2023-08-05 16:21:12,611.continuous_stock.INFO Calling get_stock_price for {ticker}
2023-08-05 16:21:12,611.continuous_stock.INFO Calling fetch_from_url for https://query1.finance.yahoo.com/v7/finance/options/TSLA
2023-08-05 16:21:12,611.continuous_stock.INFO Calling get_stock_price for {ticker}
2023-08-05 16:21:12,611.continuous_stock.INFO Calling fetch_from_url for https://query1.finance.yahoo.com/v7/finance/options/GM
2023-08-05 16:21:12,611.continuous_stock.INFO Calling get_stock_price for {ticker}
2023-08-05 16:21:12,612.continuous_stock.INFO Calling fetch_from_url for https://query1.finance.yahoo.com/v7/finance/options/TM
2023-08-05 16:21:12,612.continuous_stock.INFO Calling get_stock_price for {ticker}
2023-08-05 16:21:12,612.continuous_stock.INFO Calling fetch_from_url for https://query1.finance.yahoo.com/v7/finance/options/F
2023-08-05 16:21:12,612.continuous_stock.INFO Calling get_stock_price for {ticker}
2023-08-05 16:21:12,612.continuous_stock.INFO Calling fetch_from_url for https://query1.finance.yahoo.com/v7/finance/options/HMC
2023-08-05 16:21:12,614.continuous_stock.INFO Saving prices to c:\Users\wadej\OneDrive\Documents\cintel-05-live-updates\data\mtcars_stock.csv
2023-08-05 16:21:12,614.continuous_stock.INFO Calling get_stock_price for {ticker}
2023-08-05 16:21:12,615.continuous_stock.INFO Calling fetch_from_url for https://query1.finance.yahoo.com/v7/finance/options/TSLA
2023-08-05 16:21:12,615.continuous_stock.INFO Calling get_stock_price for {ticker}
2023-08-05 16:21:12,615.continuous_stock.INFO Calling fetch_from_url for https://query1.finance.yahoo.com/v7/finance/options/GM
2023-08-05 16:21:12,615.continuous_stock.INFO Calling get_stock_price for {ticker}
2023-08-05 16:21:12,615.continuous_stock.INFO Calling fetch_from_url for https://query1.finance.yahoo.com/v7/finance/options/TM
2023-08-05 16:21:12,615.continuous_stock.INFO Calling get_stock_price for {ticker}
2023-08-05 16:21:12,615.continuous_stock.INFO Calling fetch_from_url for https://query1.finance.yahoo.com/v7/finance/options/F
2023-08-05 16:21:12,616.continuous_stock.INFO Calling get_stock_price for {ticker}
2023-08-05 16:21:12,616.continuous_stock.INFO Calling fetch_from_url for https://query1.finance.yahoo.com/v7/finance/options/HMC
2023-08-05 16:21:12,617.continuous_stock.INFO Saving prices to c:\Users\wadej\OneDrive\Documents\cintel-05-live-updates\data\mtcars_stock.csv
2023-08-05 16:21:12,618.continuous_stock.INFO Calling get_stock_price for {ticker}
2023-08-05 16:21:12,618.continuous_stock.INFO Calling fetch_from_url for https://query1.finance.yahoo.com/v7/finance/options/TSLA
2023-08-05 16:21:12,618.continuous_stock.INFO Calling get_stock_price for {ticker}
2023-08-05 16:21:12,618.continuous_stock.INFO Calling fetch_from_url for https://query1.finance.yahoo.com/v7/finance/options/GM
2023-08-05 16:21:12,618.continuous_stock.INFO Calling get_stock_price for {ticker}
2023-08-05 16:21:12,619.continuous_stock.INFO Calling fetch_from_url for https://query1.finance.yahoo.com/v7/finance/options/TM
2023-08-05 16:21:12,619.continuous_stock.INFO Calling get_stock_price for {ticker}
2023-08-05 16:21:12,619.continuous_stock.INFO Calling fetch_from_url for https://query1.finance.yahoo.com/v7/finance/options/F
2023-08-05 16:21:12,619.continuous_stock.INFO Calling get_stock_price for {ticker}
2023-08-05 16:21:12,619.continuous_stock.INFO Calling fetch_from_url for https://query1.finance.yahoo.com/v7/finance/options/HMC
2023-08-05 16:21:12,621.continuous_stock.INFO Saving prices to c:\Users\wadej\OneDrive\Documents\cintel-05-live-updates\data\mtcars_stock.csv
2023-08-05 16:21:12,621.continuous_stock.INFO Calling get_stock_price for {ticker}
2023-08-05 16:21:12,622.continuous_stock.INFO Calling fetch_from_url for https://query1.finance.yahoo.com/v7/finance/options/TSLA
2023-08-05 16:21:12,622.continuous_stock.INFO Calling get_stock_price for {ticker}
2023-08-05 16:21:12,622.continuous_stock.INFO Calling fetch_from_url for https://query1.finance.yahoo.com/v7/finance/options/GM
2023-08-05 16:21:12,622.continuous_stock.INFO Calling get_stock_price for {ticker}
2023-08-05 16:21:12,622.continuous_stock.INFO Calling fetch_from_url for https://query1.finance.yahoo.com/v7/finance/options/TM
2023-08-05 16:21:12,623.continuous_stock.INFO Calling get_stock_price for {ticker}
2023-08-05 16:21:12,623.continuous_stock.INFO Calling fetch_from_url for https://query1.finance.yahoo.com/v7/finance/options/F
2023-08-05 16:21:12,623.continuous_stock.INFO Calling get_stock_price for {ticker}
2023-08-05 16:21:12,623.continuous_stock.INFO Calling fetch_from_url for https://query1.finance.yahoo.com/v7/finance/options/HMC
2023-08-05 16:21:12,626.continuous_stock.INFO Saving prices to c:\Users\wadej\OneDrive\Documents\cintel-05-live-updates\data\mtcars_stock.csv
2023-08-05 16:21:12,627.continuous_stock.INFO Calling get_stock_price for {ticker}
2023-08-05 16:21:12,627.continuous_stock.INFO Calling fetch_from_url for https://query1.finance.yahoo.com/v7/finance/options/TSLA
2023-08-05 16:21:12,627.continuous_stock.INFO Calling get_stock_price for {ticker}
2023-08-05 16:21:12,627.continuous_stock.INFO Calling fetch_from_url for https://query1.finance.yahoo.com/v7/finance/options/GM
2023-08-05 16:21:12,627.continuous_stock.INFO Calling get_stock_price for {ticker}
2023-08-05 16:21:12,628.continuous_stock.INFO Calling fetch_from_url for https://query1.finance.yahoo.com/v7/finance/options/TM
2023-08-05 16:21:12,628.continuous_stock.INFO Calling get_stock_price for {ticker}
2023-08-05 16:21:12,628.continuous_stock.INFO Calling fetch_from_url for https://query1.finance.yahoo.com/v7/finance/options/F
2023-08-05 16:21:12,628.continuous_stock.INFO Calling get_stock_price for {ticker}
2023-08-05 16:21:12,628.continuous_stock.INFO Calling fetch_from_url for https://query1.finance.yahoo.com/v7/finance/options/HMC
2023-08-05 16:21:12,630.continuous_stock.INFO Saving prices to c:\Users\wadej\OneDrive\Documents\cintel-05-live-updates\data\mtcars_stock.csv
2023-08-05 16:21:12,630.continuous_stock.INFO Calling get_stock_price for {ticker}
2023-08-05 16:21:12,630.continuous_stock.INFO Calling fetch_from_url for https://query1.finance.yahoo.com/v7/finance/options/TSLA
2023-08-05 16:21:12,630.continuous_stock.INFO Calling get_stock_price for {ticker}
2023-08-05 16:21:12,630.continuous_stock.INFO Calling fetch_from_url for https://query1.finance.yahoo.com/v7/finance/options/GM
2023-08-05 16:21:12,631.continuous_stock.INFO Calling get_stock_price for {ticker}
2023-08-05 16:21:12,631.continuous_stock.INFO Calling fetch_from_url for https://query1.finance.yahoo.com/v7/finance/options/TM
2023-08-05 16:21:12,631.continuous_stock.INFO Calling get_stock_price for {ticker}
2023-08-05 16:21:12,631.continuous_stock.INFO Calling fetch_from_url for https://query1.finance.yahoo.com/v7/finance/options/F
2023-08-05 16:21:12,631.continuous_stock.INFO Calling get_stock_price for {ticker}
2023-08-05 16:21:12,631.continuous_stock.INFO Calling fetch_from_url for https://query1.finance.yahoo.com/v7/finance/options/HMC
2023-08-05 16:21:12,633.continuous_stock.INFO Saving prices to c:\Users\wadej\OneDrive\Documents\cintel-05-live-updates\data\mtcars_stock.csv
2023-08-05 16:21:12,633.continuous_stock.INFO Calling get_stock_price for {ticker}
2023-08-05 16:21:12,633.continuous_stock.INFO Calling fetch_from_url for https://query1.finance.yahoo.com/v7/finance/options/TSLA
2023-08-05 16:21:12,634.continuous_stock.INFO Calling get_stock_price for {ticker}
2023-08-05 16:21:12,634.continuous_stock.INFO Calling fetch_from_url for https://query1.finance.yahoo.com/v7/finance/options/GM
2023-08-05 16:21:12,634.continuous_stock.INFO Calling get_stock_price for {ticker}
2023-08-05 16:21:12,634.continuous_stock.INFO Calling fetch_from_url for https://query1.finance.yahoo.com/v7/finance/options/TM
2023-08-05 16:21:12,635.continuous_stock.INFO Calling get_stock_price for {ticker}
2023-08-05 16:21:12,635.continuous_stock.INFO Calling fetch_from_url for https://query1.finance.yahoo.com/v7/finance/options/F
2023-08-05 16:21:12,635.continuous_stock.INFO Calling get_stock_price for {ticker}
2023-08-05 16:21:12,635.continuous_stock.INFO Calling fetch_from_url for https://query1.finance.yahoo.com/v7/finance/options/HMC
2023-08-05 16:21:12,637.continuous_stock.INFO Saving prices to c:\Users\wadej\OneDrive\Documents\cintel-05-live-updates\data\mtcars_stock.csv
2023-08-05 16:21:12,637.continuous_stock.INFO Calling get_stock_price for {ticker}
2023-08-05 16:21:12,637.continuous_stock.INFO Calling fetch_from_url for https://query1.finance.yahoo.com/v7/finance/options/TSLA
2023-08-05 16:21:12,638.continuous_stock.INFO Calling get_stock_price for {ticker}
2023-08-05 16:21:12,638.continuous_stock.INFO Calling fetch_from_url for https://query1.finance.yahoo.com/v7/finance/options/GM
2023-08-05 16:21:12,638.continuous_stock.INFO Calling get_stock_price for {ticker}
2023-08-05 16:21:12,638.continuous_stock.INFO Calling fetch_from_url for https://query1.finance.yahoo.com/v7/finance/options/TM
2023-08-05 16:21:12,638.continuous_stock.INFO Calling get_stock_price for {ticker}
2023-08-05 16:21:12,639.continuous_stock.INFO Calling fetch_from_url for https://query1.finance.yahoo.com/v7/finance/options/F
2023-08-05 16:21:12,639.continuous_stock.INFO Calling get_stock_price for {ticker}
2023-08-05 16:21:12,639.continuous_stock.INFO Calling fetch_from_url for https://query1.finance.yahoo.com/v7/finance/options/HMC
2023-08-05 16:21:12,642.continuous_stock.INFO Saving prices to c:\Users\wadej\OneDrive\Documents\cintel-05-live-updates\data\mtcars_stock.csv
2023-08-05 16:21:12,643.continuous_stock.INFO Calling get_stock_price for {ticker}
2023-08-05 16:21:12,643.continuous_stock.INFO Calling fetch_from_url for https://query1.finance.yahoo.com/v7/finance/options/TSLA
2023-08-05 16:21:12,643.continuous_stock.INFO Calling get_stock_price for {ticker}
2023-08-05 16:21:12,643.continuous_stock.INFO Calling fetch_from_url for https://query1.finance.yahoo.com/v7/finance/options/GM
2023-08-05 16:21:12,643.continuous_stock.INFO Calling get_stock_price for {ticker}
2023-08-05 16:21:12,643.continuous_stock.INFO Calling fetch_from_url for https://query1.finance.yahoo.com/v7/finance/options/TM
2023-08-05 16:21:12,643.continuous_stock.INFO Calling get_stock_price for {ticker}
2023-08-05 16:21:12,643.continuous_stock.INFO Calling fetch_from_url for https://query1.finance.yahoo.com/v7/finance/options/F
2023-08-05 16:21:12,643.continuous_stock.INFO Calling get_stock_price for {ticker}
2023-08-05 16:21:12,645.continuous_stock.INFO Calling fetch_from_url for https://query1.finance.yahoo.com/v7/finance/options/HMC
2023-08-05 16:21:12,647.continuous_stock.INFO Saving prices to c:\Users\wadej\OneDrive\Documents\cintel-05-live-updates\data\mtcars_stock.csv
2023-08-05 16:21:12,647.continuous_stock.INFO Calling get_stock_price for {ticker}
2023-08-05 16:21:12,647.continuous_stock.INFO Calling fetch_from_url for https://query1.finance.yahoo.com/v7/finance/options/TSLA
2023-08-05 16:21:12,647.continuous_stock.INFO Calling get_stock_price for {ticker}
2023-08-05 16:21:12,647.continuous_stock.INFO Calling fetch_from_url for https://query1.finance.yahoo.com/v7/finance/options/GM
2023-08-05 16:21:12,648.continuous_stock.INFO Calling get_stock_price for {ticker}
2023-08-05 16:21:12,648.continuous_stock.INFO Calling fetch_from_url for https://query1.finance.yahoo.com/v7/finance/options/TM
2023-08-05 16:21:12,648.continuous_stock.INFO Calling get_stock_price for {ticker}
2023-08-05 16:21:12,648.continuous_stock.INFO Calling fetch_from_url for https://query1.finance.yahoo.com/v7/finance/options/F
2023-08-05 16:21:12,648.continuous_stock.INFO Calling get_stock_price for {ticker}
2023-08-05 16:21:12,648.continuous_stock.INFO Calling fetch_from_url for https://query1.finance.yahoo.com/v7/finance/options/HMC
2023-08-05 16:21:12,650.continuous_stock.INFO Saving prices to c:\Users\wadej\OneDrive\Documents\cintel-05-live-updates\data\mtcars_stock.csv
2023-08-05 16:21:12,650.continuous_stock.INFO Calling get_stock_price for {ticker}
2023-08-05 16:21:12,651.continuous_stock.INFO Calling fetch_from_url for https://query1.finance.yahoo.com/v7/finance/options/TSLA
2023-08-05 16:21:12,651.continuous_stock.INFO Calling get_stock_price for {ticker}
2023-08-05 16:21:12,651.continuous_stock.INFO Calling fetch_from_url for https://query1.finance.yahoo.com/v7/finance/options/GM
2023-08-05 16:21:12,651.continuous_stock.INFO Calling get_stock_price for {ticker}
2023-08-05 16:21:12,652.continuous_stock.INFO Calling fetch_from_url for https://query1.finance.yahoo.com/v7/finance/options/TM
2023-08-05 16:21:12,652.continuous_stock.INFO Calling get_stock_price for {ticker}
2023-08-05 16:21:12,652.continuous_stock.INFO Calling fetch_from_url for https://query1.finance.yahoo.com/v7/finance/options/F
2023-08-05 16:21:12,652.continuous_stock.INFO Calling get_stock_price for {ticker}
2023-08-05 16:21:12,652.continuous_stock.INFO Calling fetch_from_url for https://query1.finance.yahoo.com/v7/finance/options/HMC
2023-08-05 16:21:12,655.continuous_stock.INFO Saving prices to c:\Users\wadej\OneDrive\Documents\cintel-05-live-updates\data\mtcars_stock.csv
2023-08-05 16:21:12,655.continuous_stock.INFO Calling get_stock_price for {ticker}
2023-08-05 16:21:12,655.continuous_stock.INFO Calling fetch_from_url for https://query1.finance.yahoo.com/v7/finance/options/TSLA
2023-08-05 16:21:12,655.continuous_stock.INFO Calling get_stock_price for {ticker}
2023-08-05 16:21:12,656.continuous_stock.INFO Calling fetch_from_url for https://query1.finance.yahoo.com/v7/finance/options/GM
2023-08-05 16:21:12,656.continuous_stock.INFO Calling get_stock_price for {ticker}
2023-08-05 16:21:12,656.continuous_stock.INFO Calling fetch_from_url for https://query1.finance.yahoo.com/v7/finance/options/TM
2023-08-05 16:21:12,656.continuous_stock.INFO Calling get_stock_price for {ticker}
2023-08-05 16:21:12,656.continuous_stock.INFO Calling fetch_from_url for https://query1.finance.yahoo.com/v7/finance/options/F
2023-08-05 16:21:12,657.continuous_stock.INFO Calling get_stock_price for {ticker}
2023-08-05 16:21:12,657.continuous_stock.INFO Calling fetch_from_url for https://query1.finance.yahoo.com/v7/finance/options/HMC
2023-08-05 16:21:12,661.continuous_stock.INFO Saving prices to c:\Users\wadej\OneDrive\Documents\cintel-05-live-updates\data\mtcars_stock.csv
2023-08-05 16:21:12,661.continuous_stock.INFO Calling get_stock_price for {ticker}
2023-08-05 16:21:12,661.continuous_stock.INFO Calling fetch_from_url for https://query1.finance.yahoo.com/v7/finance/options/TSLA
2023-08-05 16:21:12,662.continuous_stock.INFO Calling get_stock_price for {ticker}
2023-08-05 16:21:12,662.continuous_stock.INFO Calling fetch_from_url for https://query1.finance.yahoo.com/v7/finance/options/GM
2023-08-05 16:21:12,662.continuous_stock.INFO Calling get_stock_price for {ticker}
2023-08-05 16:21:12,662.continuous_stock.INFO Calling fetch_from_url for https://query1.finance.yahoo.com/v7/finance/options/TM
2023-08-05 16:21:12,663.continuous_stock.INFO Calling get_stock_price for {ticker}
2023-08-05 16:21:12,663.continuous_stock.INFO Calling fetch_from_url for https://query1.finance.yahoo.com/v7/finance/options/F
2023-08-05 16:21:12,663.continuous_stock.INFO Calling get_stock_price for {ticker}
2023-08-05 16:21:12,663.continuous_stock.INFO Calling fetch_from_url for https://query1.finance.yahoo.com/v7/finance/options/HMC
2023-08-05 16:21:12,665.continuous_stock.INFO Saving prices to c:\Users\wadej\OneDrive\Documents\cintel-05-live-updates\data\mtcars_stock.csv
2023-08-05 16:21:12,665.continuous_stock.INFO Calling get_stock_price for {ticker}
2023-08-05 16:21:12,666.continuous_stock.INFO Calling fetch_from_url for https://query1.finance.yahoo.com/v7/finance/options/TSLA
2023-08-05 16:21:12,666.continuous_stock.INFO Calling get_stock_price for {ticker}
2023-08-05 16:21:12,666.continuous_stock.INFO Calling fetch_from_url for https://query1.finance.yahoo.com/v7/finance/options/GM
2023-08-05 16:21:12,666.continuous_stock.INFO Calling get_stock_price for {ticker}
2023-08-05 16:21:12,667.continuous_stock.INFO Calling fetch_from_url for https://query1.finance.yahoo.com/v7/finance/options/TM
2023-08-05 16:21:12,667.continuous_stock.INFO Calling get_stock_price for {ticker}
2023-08-05 16:21:12,667.continuous_stock.INFO Calling fetch_from_url for https://query1.finance.yahoo.com/v7/finance/options/F
2023-08-05 16:21:12,667.continuous_stock.INFO Calling get_stock_price for {ticker}
2023-08-05 16:21:12,668.continuous_stock.INFO Calling fetch_from_url for https://query1.finance.yahoo.com/v7/finance/options/HMC
2023-08-05 16:21:12,670.continuous_stock.INFO Saving prices to c:\Users\wadej\OneDrive\Documents\cintel-05-live-updates\data\mtcars_stock.csv
2023-08-05 16:21:12,670.continuous_stock.INFO Calling get_stock_price for {ticker}
2023-08-05 16:21:12,670.continuous_stock.INFO Calling fetch_from_url for https://query1.finance.yahoo.com/v7/finance/options/TSLA
2023-08-05 16:21:12,671.continuous_stock.INFO Calling get_stock_price for {ticker}
2023-08-05 16:21:12,671.continuous_stock.INFO Calling fetch_from_url for https://query1.finance.yahoo.com/v7/finance/options/GM
2023-08-05 16:21:12,671.continuous_stock.INFO Calling get_stock_price for {ticker}
2023-08-05 16:21:12,671.continuous_stock.INFO Calling fetch_from_url for https://query1.finance.yahoo.com/v7/finance/options/TM
2023-08-05 16:21:12,672.continuous_stock.INFO Calling get_stock_price for {ticker}
2023-08-05 16:21:12,672.continuous_stock.INFO Calling fetch_from_url for https://query1.finance.yahoo.com/v7/finance/options/F
2023-08-05 16:21:12,672.continuous_stock.INFO Calling get_stock_price for {ticker}
2023-08-05 16:21:12,672.continuous_stock.INFO Calling fetch_from_url for https://query1.finance.yahoo.com/v7/finance/options/HMC
2023-08-05 16:21:12,676.continuous_stock.INFO Saving prices to c:\Users\wadej\OneDrive\Documents\cintel-05-live-updates\data\mtcars_stock.csv
2023-08-05 16:21:12,676.continuous_stock.INFO Calling get_stock_price for {ticker}
2023-08-05 16:21:12,677.continuous_stock.INFO Calling fetch_from_url for https://query1.finance.yahoo.com/v7/finance/options/TSLA
2023-08-05 16:21:12,677.continuous_stock.INFO Calling get_stock_price for {ticker}
2023-08-05 16:21:12,677.continuous_stock.INFO Calling fetch_from_url for https://query1.finance.yahoo.com/v7/finance/options/GM
2023-08-05 16:21:12,677.continuous_stock.INFO Calling get_stock_price for {ticker}
2023-08-05 16:21:12,678.continuous_stock.INFO Calling fetch_from_url for https://query1.finance.yahoo.com/v7/finance/options/TM
2023-08-05 16:21:12,678.continuous_stock.INFO Calling get_stock_price for {ticker}
2023-08-05 16:21:12,678.continuous_stock.INFO Calling fetch_from_url for https://query1.finance.yahoo.com/v7/finance/options/F
2023-08-05 16:21:12,678.continuous_stock.INFO Calling get_stock_price for {ticker}
2023-08-05 16:21:12,679.continuous_stock.INFO Calling fetch_from_url for https://query1.finance.yahoo.com/v7/finance/options/HMC
2023-08-05 16:21:12,681.continuous_stock.INFO Saving prices to c:\Users\wadej\OneDrive\Documents\cintel-05-live-updates\data\mtcars_stock.csv
2023-08-05 16:21:12,681.continuous_stock.INFO Calling get_stock_price for {ticker}
2023-08-05 16:21:12,681.continuous_stock.INFO Calling fetch_from_url for https://query1.finance.yahoo.com/v7/finance/options/TSLA
2023-08-05 16:21:12,681.continuous_stock.INFO Calling get_stock_price for {ticker}
2023-08-05 16:21:12,682.continuous_stock.INFO Calling fetch_from_url for https://query1.finance.yahoo.com/v7/finance/options/GM
2023-08-05 16:21:12,682.continuous_stock.INFO Calling get_stock_price for {ticker}
2023-08-05 16:21:12,682.continuous_stock.INFO Calling fetch_from_url for https://query1.finance.yahoo.com/v7/finance/options/TM
2023-08-05 16:21:12,682.continuous_stock.INFO Calling get_stock_price for {ticker}
2023-08-05 16:21:12,682.continuous_stock.INFO Calling fetch_from_url for https://query1.finance.yahoo.com/v7/finance/options/F
2023-08-05 16:21:12,683.continuous_stock.INFO Calling get_stock_price for {ticker}
2023-08-05 16:21:12,683.continuous_stock.INFO Calling fetch_from_url for https://query1.finance.yahoo.com/v7/finance/options/HMC
2023-08-05 16:21:12,684.continuous_stock.INFO Saving prices to c:\Users\wadej\OneDrive\Documents\cintel-05-live-updates\data\mtcars_stock.csv
2023-08-05 16:21:12,685.continuous_stock.INFO Calling get_stock_price for {ticker}
2023-08-05 16:21:12,685.continuous_stock.INFO Calling fetch_from_url for https://query1.finance.yahoo.com/v7/finance/options/TSLA
2023-08-05 16:21:12,685.continuous_stock.INFO Calling get_stock_price for {ticker}
2023-08-05 16:21:12,686.continuous_stock.INFO Calling fetch_from_url for https://query1.finance.yahoo.com/v7/finance/options/GM
2023-08-05 16:21:12,686.continuous_stock.INFO Calling get_stock_price for {ticker}
2023-08-05 16:21:12,686.continuous_stock.INFO Calling fetch_from_url for https://query1.finance.yahoo.com/v7/finance/options/TM
2023-08-05 16:21:12,686.continuous_stock.INFO Calling get_stock_price for {ticker}
2023-08-05 16:21:12,686.continuous_stock.INFO Calling fetch_from_url for https://query1.finance.yahoo.com/v7/finance/options/F
2023-08-05 16:21:12,686.continuous_stock.INFO Calling get_stock_price for {ticker}
2023-08-05 16:21:12,686.continuous_stock.INFO Calling fetch_from_url for https://query1.finance.yahoo.com/v7/finance/options/HMC
2023-08-05 16:21:12,688.continuous_stock.INFO Saving prices to c:\Users\wadej\OneDrive\Documents\cintel-05-live-updates\data\mtcars_stock.csv
2023-08-05 16:21:12,689.continuous_stock.INFO Calling get_stock_price for {ticker}
2023-08-05 16:21:12,689.continuous_stock.INFO Calling fetch_from_url for https://query1.finance.yahoo.com/v7/finance/options/TSLA
2023-08-05 16:21:12,689.continuous_stock.INFO Calling get_stock_price for {ticker}
2023-08-05 16:21:12,689.continuous_stock.INFO Calling fetch_from_url for https://query1.finance.yahoo.com/v7/finance/options/GM
2023-08-05 16:21:12,690.continuous_stock.INFO Calling get_stock_price for {ticker}
2023-08-05 16:21:12,690.continuous_stock.INFO Calling fetch_from_url for https://query1.finance.yahoo.com/v7/finance/options/TM
2023-08-05 16:21:12,690.continuous_stock.INFO Calling get_stock_price for {ticker}
2023-08-05 16:21:12,690.continuous_stock.INFO Calling fetch_from_url for https://query1.finance.yahoo.com/v7/finance/options/F
2023-08-05 16:21:12,690.continuous_stock.INFO Calling get_stock_price for {ticker}
2023-08-05 16:21:12,691.continuous_stock.INFO Calling fetch_from_url for https://query1.finance.yahoo.com/v7/finance/options/HMC
2023-08-05 16:21:12,694.continuous_stock.INFO Saving prices to c:\Users\wadej\OneDrive\Documents\cintel-05-live-updates\data\mtcars_stock.csv
2023-08-05 16:21:12,694.continuous_stock.INFO Calling get_stock_price for {ticker}
2023-08-05 16:21:12,694.continuous_stock.INFO Calling fetch_from_url for https://query1.finance.yahoo.com/v7/finance/options/TSLA
2023-08-05 16:21:12,694.continuous_stock.INFO Calling get_stock_price for {ticker}
2023-08-05 16:21:12,695.continuous_stock.INFO Calling fetch_from_url for https://query1.finance.yahoo.com/v7/finance/options/GM
2023-08-05 16:21:12,695.continuous_stock.INFO Calling get_stock_price for {ticker}
2023-08-05 16:21:12,695.continuous_stock.INFO Calling fetch_from_url for https://query1.finance.yahoo.com/v7/finance/options/TM
2023-08-05 16:21:12,695.continuous_stock.INFO Calling get_stock_price for {ticker}
2023-08-05 16:21:12,695.continuous_stock.INFO Calling fetch_from_url for https://query1.finance.yahoo.com/v7/finance/options/F
2023-08-05 16:21:12,696.continuous_stock.INFO Calling get_stock_price for {ticker}
2023-08-05 16:21:12,696.continuous_stock.INFO Calling fetch_from_url for https://query1.finance.yahoo.com/v7/finance/options/HMC
2023-08-05 16:21:12,698.continuous_stock.INFO Saving prices to c:\Users\wadej\OneDrive\Documents\cintel-05-live-updates\data\mtcars_stock.csv
2023-08-05 16:21:12,698.continuous_stock.INFO Calling get_stock_price for {ticker}
2023-08-05 16:21:12,698.continuous_stock.INFO Calling fetch_from_url for https://query1.finance.yahoo.com/v7/finance/options/TSLA
2023-08-05 16:21:12,698.continuous_stock.INFO Calling get_stock_price for {ticker}
2023-08-05 16:21:12,698.continuous_stock.INFO Calling fetch_from_url for https://query1.finance.yahoo.com/v7/finance/options/GM
2023-08-05 16:21:12,699.continuous_stock.INFO Calling get_stock_price for {ticker}
2023-08-05 16:21:12,699.continuous_stock.INFO Calling fetch_from_url for https://query1.finance.yahoo.com/v7/finance/options/TM
2023-08-05 16:21:12,699.continuous_stock.INFO Calling get_stock_price for {ticker}
2023-08-05 16:21:12,699.continuous_stock.INFO Calling fetch_from_url for https://query1.finance.yahoo.com/v7/finance/options/F
2023-08-05 16:21:12,699.continuous_stock.INFO Calling get_stock_price for {ticker}
2023-08-05 16:21:12,699.continuous_stock.INFO Calling fetch_from_url for https://query1.finance.yahoo.com/v7/finance/options/HMC
2023-08-05 16:21:12,701.continuous_stock.INFO Saving prices to c:\Users\wadej\OneDrive\Documents\cintel-05-live-updates\data\mtcars_stock.csv
2023-08-05 16:21:12,701.continuous_stock.INFO Calling get_stock_price for {ticker}
2023-08-05 16:21:12,702.continuous_stock.INFO Calling fetch_from_url for https://query1.finance.yahoo.com/v7/finance/options/TSLA
2023-08-05 16:21:12,702.continuous_stock.INFO Calling get_stock_price for {ticker}
2023-08-05 16:21:12,702.continuous_stock.INFO Calling fetch_from_url for https://query1.finance.yahoo.com/v7/finance/options/GM
2023-08-05 16:21:12,702.continuous_stock.INFO Calling get_stock_price for {ticker}
2023-08-05 16:21:12,702.continuous_stock.INFO Calling fetch_from_url for https://query1.finance.yahoo.com/v7/finance/options/TM
2023-08-05 16:21:12,703.continuous_stock.INFO Calling get_stock_price for {ticker}
2023-08-05 16:21:12,703.continuous_stock.INFO Calling fetch_from_url for https://query1.finance.yahoo.com/v7/finance/options/F
2023-08-05 16:21:12,703.continuous_stock.INFO Calling get_stock_price for {ticker}
2023-08-05 16:21:12,703.continuous_stock.INFO Calling fetch_from_url for https://query1.finance.yahoo.com/v7/finance/options/HMC
2023-08-05 16:21:12,705.continuous_stock.INFO Saving prices to c:\Users\wadej\OneDrive\Documents\cintel-05-live-updates\data\mtcars_stock.csv
2023-08-05 16:21:12,705.continuous_stock.INFO Calling get_stock_price for {ticker}
2023-08-05 16:21:12,705.continuous_stock.INFO Calling fetch_from_url for https://query1.finance.yahoo.com/v7/finance/options/TSLA
2023-08-05 16:21:12,705.continuous_stock.INFO Calling get_stock_price for {ticker}
2023-08-05 16:21:12,706.continuous_stock.INFO Calling fetch_from_url for https://query1.finance.yahoo.com/v7/finance/options/GM
2023-08-05 16:21:12,706.continuous_stock.INFO Calling get_stock_price for {ticker}
2023-08-05 16:21:12,706.continuous_stock.INFO Calling fetch_from_url for https://query1.finance.yahoo.com/v7/finance/options/TM
2023-08-05 16:21:12,706.continuous_stock.INFO Calling get_stock_price for {ticker}
2023-08-05 16:21:12,706.continuous_stock.INFO Calling fetch_from_url for https://query1.finance.yahoo.com/v7/finance/options/F
2023-08-05 16:21:12,707.continuous_stock.INFO Calling get_stock_price for {ticker}
2023-08-05 16:21:12,707.continuous_stock.INFO Calling fetch_from_url for https://query1.finance.yahoo.com/v7/finance/options/HMC
2023-08-05 16:21:12,710.continuous_stock.INFO Saving prices to c:\Users\wadej\OneDrive\Documents\cintel-05-live-updates\data\mtcars_stock.csv
